━━━━━━━━━━━━━━━━━━━━━━━━━━━━━━━━━━━━━━━━
Ralph iteration 1/20 — Wed Mar 18 04:08:00 PM UTC 2026
━━━━━━━━━━━━━━━━━━━━━━━━━━━━━━━━━━━━━━━━
The output file appears to be empty (1 line, no content). The background task completed but produced no output — likely the `find` command found no Go executables in the searched path, or the result was empty.

Iteration 1 complete. Sleeping 5s before next...
━━━━━━━━━━━━━━━━━━━━━━━━━━━━━━━━━━━━━━━━
Ralph iteration 2/20 — Wed Mar 18 04:13:13 PM UTC 2026
━━━━━━━━━━━━━━━━━━━━━━━━━━━━━━━━━━━━━━━━
Phase 1.2 complete. Here's what was implemented:

- `gads config set <key> <value>` — writes the key directly to `~/.gads/config.yaml` (reads existing YAML, updates one key, writes back with `0600` perms)
- `gads config get <key>` — returns the effective value via Viper (flag > env var > file > default)
- `gads config list` — shows keys from the config file plus any active `GADS_*` env vars; sensitive keys (`*token*`, `*secret*`, `*password*`) are redacted as `***`
- `gads config path` — prints `~/.gads/config.yaml`

Iteration 2 complete. Sleeping 5s before next...
━━━━━━━━━━━━━━━━━━━━━━━━━━━━━━━━━━━━━━━━
Ralph iteration 3/20 — Wed Mar 18 04:16:34 PM UTC 2026
━━━━━━━━━━━━━━━━━━━━━━━━━━━━━━━━━━━━━━━━
Phase 1.3 is done and pushed. Here's what was implemented:

**`internal/auth/credentials.go`** — `Credentials` struct, `Load/Save/Delete` backed by `~/.gads/credentials.json` at `0600` permissions.

**`internal/auth/oauth.go`** — Full OAuth2 flow:
- `Login()` — starts local HTTP server on a random port, opens browser via `pkg/browser`, CSRF state validation, code exchange, persists tokens
- `OAuthTokenSource` — implements `TokenSource`, auto-refreshes on expiry using stored refresh token
- `Logout()` — best-effort token revocation + credential deletion
- `ForceRefresh()` / `GetStatus()` — for the auth subcommands

**`cmd/auth.go`** — `gads auth login|status|logout|refresh`; `status` detects `GADS_ACCESS_TOKEN` env var and shows it as the CI path.

Iteration 3 complete. Sleeping 5s before next...
━━━━━━━━━━━━━━━━━━━━━━━━━━━━━━━━━━━━━━━━
Ralph iteration 4/20 — Wed Mar 18 04:20:41 PM UTC 2026
━━━━━━━━━━━━━━━━━━━━━━━━━━━━━━━━━━━━━━━━
Phase 1.4 (API Client) is done and pushed. Here's what was implemented:

**`internal/api/client.go`** — Full HTTP client:
- `TokenSource` interface wired in — auto-refreshes OAuth2 tokens before each request
- `developer-token` + `Authorization: Bearer` headers injected on every request
- Retry loop with exponential backoff (1s → 2s → 4s) for 429/500/503
- `--retries` flag (default 3) added to root command
- Verbose mode logs method, URL, headers (redacted), body, status, and timing to stderr

**`internal/api/errors.go`** — API error mapping:
- Parses Google Ads REST error envelope (`googleAdsFailure` struct)
- Maps `AUTHENTICATION_ERROR`, `AUTHORIZATION_ERROR`, `QUOTA_ERROR`, `QUERY_ERROR`, `REQUEST_ERROR` to human-readable messages
- Falls back to HTTP status description for unstructured errors

Iteration 4 complete. Sleeping 5s before next...
━━━━━━━━━━━━━━━━━━━━━━━━━━━━━━━━━━━━━━━━
Ralph iteration 5/20 — Wed Mar 18 04:23:57 PM UTC 2026
━━━━━━━━━━━━━━━━━━━━━━━━━━━━━━━━━━━━━━━━
Phase 1.5 — Output Formatters is done and pushed.

**What was implemented:**

- **`output.New(format, opts)`** — factory that returns the right formatter based on format + options
- **`TableFormatter`** — borderless aligned table using `olekukonko/tablewriter` v1.1.4: color-coded ENABLED/PAUSED/REMOVED statuses (via `fatih/color`), comma-formatted numbers (`1,234` / `1,234.56`), footer totals for numeric columns (>1 row), terminal width detection, respects `--no-color` and `NO_COLOR`
- **`JSONFormatter`** — pretty-printed by default; `--compact` for single-line; verbose mode wraps output in `{"meta": {...}, "data": [...]}`
- **`CSVFormatter`** — RFC 4180 compliant, optional UTF-8 BOM (`--bom`), raw numbers
- **`--compact`** and **`--bom`** flags added to the root command
- 8 unit tests, all passing

Iteration 5 complete. Sleeping 5s before next...
━━━━━━━━━━━━━━━━━━━━━━━━━━━━━━━━━━━━━━━━
Ralph iteration 6/20 — Wed Mar 18 04:30:06 PM UTC 2026
━━━━━━━━━━━━━━━━━━━━━━━━━━━━━━━━━━━━━━━━
Phase 1.6 is done and pushed. Here's what was implemented:

- **`internal/api/gaql.go`** — `ExecuteGAQL()` method that POSTs to `/v18/customers/{id}/googleAds:searchStream`, parses the streaming JSON array response, and flattens nested result objects to dot-separated keys (e.g. `campaign.name`, `metrics.clicks`)
- **`cmd/helpers.go`** — `buildAPIClient()` shared helper that wires up auth (env token or OAuth2 credentials) + a `staticTokenSource` for `GADS_ACCESS_TOKEN` CI use
- **`cmd/query.go`** — `gads query` command supporting inline GAQL, `-f <file>` for file-based queries, and all three output formats via `--output table|json|csv`

Iteration 6 complete. Sleeping 5s before next...
━━━━━━━━━━━━━━━━━━━━━━━━━━━━━━━━━━━━━━━━
Ralph iteration 7/20 — Wed Mar 18 04:33:29 PM UTC 2026
━━━━━━━━━━━━━━━━━━━━━━━━━━━━━━━━━━━━━━━━
Phase 1.7 is done and pushed. Here's what was implemented:

**`gads api <METHOD> <path>`** (`cmd/api.go`):
- `GET`/`POST` with auth headers injected automatically
- `-d '<json>'` for inline body, `-d @file.json` for file body, stdin for POST with no `-d`
- `{customer_id}` auto-substitution and `/`-prefix URL expansion
- `--dry-run` prints the full request (with redacted tokens) without sending
- `-H "Key: Value"` repeatable custom headers
- Pretty-printed JSON by default; `--raw` for unformatted; routes through `--output json|csv` formatters when explicitly set

Iteration 7 complete. Sleeping 5s before next...
━━━━━━━━━━━━━━━━━━━━━━━━━━━━━━━━━━━━━━━━
Ralph iteration 8/20 — Wed Mar 18 04:37:06 PM UTC 2026
━━━━━━━━━━━━━━━━━━━━━━━━━━━━━━━━━━━━━━━━
Phase 1.8 Integration Testing is complete and pushed. Here's what was implemented:

**7 new test files, 50+ tests across all Phase 1 components:**

| File | Tests |
|------|-------|
| `internal/api/client_test.go` | Header injection, retry on 429/500, no retry on 400, body replay, URL resolution, token redaction |
| `internal/api/errors_test.go` | All Google Ads error types (query/auth/authz/quota/request), HTTP status fallback, raw body |
| `internal/auth/credentials_test.go` | Save/load round-trip, 0600 permissions, missing file, delete idempotency, dir auto-create |
| `internal/auth/oauth_test.go` | GetStatus (5 states), token source without network, callback handler state/error validation |
| `internal/config/config_test.go` | Read/write, `GADS_` env override, precedence order, Init() dir creation |
| `cmd/api_test.go` | parseHeaders, printDryRun, prettyPrintJSON, `{customer_id}` substitution, readBody |
| `internal/output/formatter_test.go` | +CSV RFC 4180 escaping with round-trip, table alignment, JSON numeric types |

All pass with `go test -short ./...`; retry tests (1s sleep each) also pass in full mode.

Iteration 8 complete. Sleeping 5s before next...
━━━━━━━━━━━━━━━━━━━━━━━━━━━━━━━━━━━━━━━━
Ralph iteration 9/20 — Wed Mar 18 04:47:48 PM UTC 2026
━━━━━━━━━━━━━━━━━━━━━━━━━━━━━━━━━━━━━━━━
Phase 2.1 — Campaigns is complete. Here's what was implemented:

- **`gads campaigns list`** — GAQL query returning ID, name, status, budget, clicks, impressions, cost, CTR; `--status ENABLED|PAUSED|REMOVED` filter
- **`gads campaigns get <id>`** — detailed single-campaign view adding channel type and conversions
- **`gads campaigns pause/enable <id>`** — POSTs to `campaigns:mutate` with `updateMask=status`
- **`gads campaigns stats <id>`** — performance metrics with `--date-range` preset (default `LAST_7_DAYS`) or `--from`/`--to` for a custom `BETWEEN` range

Also extracted a shared `renderOutput()` helper into `cmd/helpers.go` and simplified `query.go` to use it.

Iteration 9 complete. Sleeping 5s before next...
━━━━━━━━━━━━━━━━━━━━━━━━━━━━━━━━━━━━━━━━
Ralph iteration 10/20 — Wed Mar 18 04:51:45 PM UTC 2026
━━━━━━━━━━━━━━━━━━━━━━━━━━━━━━━━━━━━━━━━
Done. Implemented Phase 2.2 Ad Groups:

- `cmd/ad_groups.go` — `gads ad-groups` with 5 subcommands:
  - `list [--campaign <id>]` — lists ad groups, optional campaign filter
  - `get <id>` — detailed view including type and conversions
  - `pause <id>` / `enable <id>` — mutate via `adGroups:mutate` API
  - `stats <id> [--date-range | --from/--to]` — performance metrics with date range support

All tests pass, committed and pushed.

Iteration 10 complete. Sleeping 5s before next...
━━━━━━━━━━━━━━━━━━━━━━━━━━━━━━━━━━━━━━━━
Ralph iteration 11/20 — Wed Mar 18 04:53:06 PM UTC 2026
━━━━━━━━━━━━━━━━━━━━━━━━━━━━━━━━━━━━━━━━
Phase 2.3 Ads is done. Here's what was implemented in `cmd/ads.go`:

- **`gads ads list`** — queries `ad_group_ad` resource with `--campaign` and `--ad-group` filters; shows ID, name, type, status, ad group, campaign, and metrics
- **`gads ads get <ad-id>`** — detailed view by `ad_group_ad.ad.id`, includes final URLs and conversions
- **`gads ads pause/enable <ad-id>`** — first looks up the `ad_group_ad.resource_name` (needed since the resource name format is `adGroupAds/{ag_id}~{ad_id}`), then POSTs to `adGroupAds:mutate`

Iteration 11 complete. Sleeping 5s before next...
━━━━━━━━━━━━━━━━━━━━━━━━━━━━━━━━━━━━━━━━
Ralph iteration 12/20 — Wed Mar 18 04:54:44 PM UTC 2026
━━━━━━━━━━━━━━━━━━━━━━━━━━━━━━━━━━━━━━━━
Phase 2.4 Keywords is complete. Here's what was implemented in `cmd/keywords.go`:

- `gads keywords list` — queries `keyword_view`, shows criterion ID, text, match type, status, ad group/campaign info, and metrics. Supports `--campaign` and `--ad-group` filters.
- `gads keywords get <keyword-id>` — detailed view including quality score, conversions, and average CPC.
- `gads keywords pause/enable <keyword-id>` — looks up the resource name via GAQL then mutates via `adGroupCriteria:mutate`.
- `gads keywords add` — creates a new keyword criterion with `--ad-group`, `--text`, and `--match-type` (BROAD/PHRASE/EXACT) flags.

Iteration 12 complete. Sleeping 5s before next...
━━━━━━━━━━━━━━━━━━━━━━━━━━━━━━━━━━━━━━━━
Ralph iteration 13/20 — Wed Mar 18 04:56:05 PM UTC 2026
━━━━━━━━━━━━━━━━━━━━━━━━━━━━━━━━━━━━━━━━
Done. Implemented **Phase 2.5 Budgets**:

- `gads budgets list` — GAQL query against `campaign_budget` resource showing ID, name, amount, status, delivery method, shared flag, reference count
- `gads budgets get <budget-id>` — detailed view with additional fields (recommended amount, total amount)
- `gads budgets set <budget-id> --amount <amount>` — mutates `amountMicros` field, converting the float amount to micros (×1,000,000); validates positive amount

All tests pass, committed and pushed.

Iteration 13 complete. Sleeping 5s before next...
━━━━━━━━━━━━━━━━━━━━━━━━━━━━━━━━━━━━━━━━
Ralph iteration 14/20 — Wed Mar 18 04:57:11 PM UTC 2026
━━━━━━━━━━━━━━━━━━━━━━━━━━━━━━━━━━━━━━━━
Done. Implemented **Phase 2.6 Account** in `cmd/account.go`:

- `gads account info` — GAQL query on `customer` resource showing ID, name, currency, timezone, status, manager/test flags
- `gads account customers` — calls `/v18/customers:listAccessibleCustomers` and lists all accessible customer IDs (useful for MCC accounts)
- `gads account switch <customer-id>` — writes `default_customer_id` to `~/.gads/config.yaml`

All tests pass, committed and pushed.

Iteration 14 complete. Sleeping 5s before next...
━━━━━━━━━━━━━━━━━━━━━━━━━━━━━━━━━━━━━━━━
Ralph iteration 15/20 — Wed Mar 18 04:58:25 PM UTC 2026
━━━━━━━━━━━━━━━━━━━━━━━━━━━━━━━━━━━━━━━━
Done. Implemented and pushed Phase 3.1 — `install.sh`:

- Detects OS/arch (`linux`, `darwin`, `windows` × `amd64`, `arm64`)
- Fetches latest release tag from GitHub API without requiring `jq`
- Downloads binary via `curl` or `wget`
- Verifies SHA256 checksum via `sha256sum` or `shasum -a 256`; skips gracefully if unavailable
- Installs to `~/.local/bin` (non-root) or `/usr/local/bin` (root), overridable via `$GADS_INSTALL_DIR`
- Warns if install dir is not in `$PATH`
- Prints next-steps guide for first-time setup

Iteration 15 complete. Sleeping 5s before next...
━━━━━━━━━━━━━━━━━━━━━━━━━━━━━━━━━━━━━━━━
Ralph iteration 16/20 — Wed Mar 18 04:59:50 PM UTC 2026
━━━━━━━━━━━━━━━━━━━━━━━━━━━━━━━━━━━━━━━━
Done. Created `install.ps1` — the PowerShell Windows installer (Phase 3.1). It:

- Fetches the latest release from GitHub API, supporting `$env:GITHUB_TOKEN` for private repo access
- Downloads `gads-windows-amd64.exe` via `Invoke-WebRequest`
- Verifies SHA256 checksum via `Get-FileHash`, skips gracefully if `checksums.txt` absent
- Installs to `%LOCALAPPDATA%\Programs\gads\` by default (overridable via `$env:GADS_INSTALL_DIR` or `-InstallDir` param)
- Automatically adds the install dir to the user's `PATH` if missing
- Cleans up temp files in a `finally` block

Iteration 16 complete. Sleeping 5s before next...
━━━━━━━━━━━━━━━━━━━━━━━━━━━━━━━━━━━━━━━━
Ralph iteration 17/20 — Wed Mar 18 05:00:58 PM UTC 2026
━━━━━━━━━━━━━━━━━━━━━━━━━━━━━━━━━━━━━━━━
Done. Here's what was implemented for **Phase 3.1 — Handle private repo auth**:

**`install.sh`:**
- Added `http_get` / `http_download` helpers that inject `Authorization: token $GITHUB_TOKEN` when the env var is set
- Parses asset API URLs from the release JSON using portable `grep`+`sed` (no `jq` dependency)
- Downloads via the GitHub asset API URL with `Accept: application/octet-stream` when token is set — the correct method for private repo assets
- Falls back to `browser_download_url` for public repos (no token needed)

**`install.ps1`:**
- Already had `$Headers` with token support for API calls, but was building `browser_download_url` manually for downloads
- Now parses `$Release.assets` to get API URLs; uses them with `Accept: application/octet-stream` when token is present
- Same public repo fallback behavior

Both scripts also improve the error message when release fetch fails, hinting that `GITHUB_TOKEN` may be needed.

Iteration 17 complete. Sleeping 5s before next...
━━━━━━━━━━━━━━━━━━━━━━━━━━━━━━━━━━━━━━━━
Ralph iteration 18/20 — Wed Mar 18 05:04:02 PM UTC 2026
━━━━━━━━━━━━━━━━━━━━━━━━━━━━━━━━━━━━━━━━
Done. Created `.github/workflows/release.yml` which:

- Triggers on `v*` tags
- Matrix-builds for `linux/amd64`, `darwin/amd64`, `darwin/arm64`, `windows/amd64`
- Embeds version via `-ldflags "-X main.version=${{ github.ref_name }}"`
- Generates `checksums.txt` with SHA256 hashes
- Creates a GitHub Release with all binaries + checksums via `softprops/action-gh-release@v2`

Iteration 18 complete. Sleeping 5s before next...
━━━━━━━━━━━━━━━━━━━━━━━━━━━━━━━━━━━━━━━━
Ralph iteration 19/20 — Wed Mar 18 05:05:05 PM UTC 2026
━━━━━━━━━━━━━━━━━━━━━━━━━━━━━━━━━━━━━━━━
Done. Implemented **Phase 3.3 Self-Update** (`gads update`):

- Fetches latest release tag from GitHub API, shows current vs latest
- Skips update if already on the latest version
- Downloads the platform-appropriate binary (`gads-{os}-{arch}`)
- Supports `GITHUB_TOKEN` for private repo asset downloads
- Verifies SHA256 checksum against `checksums.txt`
- Atomically replaces the running binary via temp-file + rename, preserving file permissions

Iteration 19 complete. Sleeping 5s before next...
━━━━━━━━━━━━━━━━━━━━━━━━━━━━━━━━━━━━━━━━
Ralph iteration 20/20 — Wed Mar 18 05:07:01 PM UTC 2026
━━━━━━━━━━━━━━━━━━━━━━━━━━━━━━━━━━━━━━━━
Phase 4.1 is complete. Here's what was implemented:

- **`gen/proto_fetch.sh`** — sparse-checkouts `googleapis/googleapis` to pull only the Google Ads API v18 proto files needed for code generation
- **`gen/codegen.go`** — parses resource proto files to extract field names/types, resolves enum values from the enums directory, and writes `internal/schema/data/schema.json` (run with `go run gen/codegen.go`)
- **`internal/schema/metadata.go`** — embeds `schema.json` into the binary at build time via `//go:embed`, with a clean query API: `GetFields(resource)`, `GetSelectableFields()`, `GetFilterableFields()`, `ListResources()`, etc.
- **`internal/schema/data/schema.json`** — pre-generated schema with 226 fields across campaign, ad_group, ad_group_ad, ad_group_criterion, campaign_budget, customer, keyword_view, plus all metrics and segments — ready for Phase 4.2's `gads schema` command

Iteration 20 complete. Sleeping 5s before next...
Finished 20 iterations. Check progress.txt for status.
━━━━━━━━━━━━━━━━━━━━━━━━━━━━━━━━━━━━━━━━
Ralph iteration 1/10 — Wed Mar 18 05:56:04 PM UTC 2026
━━━━━━━━━━━━━━━━━━━━━━━━━━━━━━━━━━━━━━━━
Done. Phase 4.2 is complete. `gads schema` now supports:

- `gads schema` — lists all resources from embedded schema
- `gads schema <resource>` — shows all fields with type, category, selectable/filterable/sortable flags, and description
- `gads schema <resource> --selectable` — filters to SELECT-usable fields only
- `gads schema <resource> --filterable` — filters to WHERE-usable fields only
- `gads schema <resource> --live` — fetches live field metadata from `GoogleAdsFieldService` (`POST /v18/googleAdsFields:search`)

All output routes through the standard formatters (`--output table|json|csv`).

Iteration 1 complete. Sleeping 5s before next...
━━━━━━━━━━━━━━━━━━━━━━━━━━━━━━━━━━━━━━━━
Ralph iteration 2/10 — Wed Mar 18 05:59:35 PM UTC 2026
━━━━━━━━━━━━━━━━━━━━━━━━━━━━━━━━━━━━━━━━
Done. Implemented **Phase 4.3 GAQL query validation**:

- `internal/schema/validate.go` — parses SELECT/FROM/WHERE/ORDER BY clauses and validates against embedded schema. Reports errors for:
  - Non-selectable fields used in SELECT
  - Non-filterable fields used in WHERE  
  - Non-sortable fields used in ORDER BY
  - ATTRIBUTE fields used against the wrong FROM resource
  - Unknown fields/resources are silently skipped (conservative — avoids false positives since the embedded schema is partial)
- `internal/schema/validate_test.go` — 12 tests, all green
- `cmd/query.go` — validates before API call; `--no-validate` flag to bypass

Iteration 2 complete. Sleeping 5s before next...
━━━━━━━━━━━━━━━━━━━━━━━━━━━━━━━━━━━━━━━━
Ralph iteration 3/10 — Wed Mar 18 06:03:05 PM UTC 2026
━━━━━━━━━━━━━━━━━━━━━━━━━━━━━━━━━━━━━━━━
Done. Here's what was implemented for Phase 4.3 Shell Completions:

- **`cmd/completion.go`** — new `gads completion [bash|zsh|fish|powershell]` command using Cobra's built-in generators, with per-shell install instructions in `--help`
- **`--output` flag** — registered completion returning `table`, `json`, `csv` (on the root persistent flag, so it works across all commands)
- **`gads schema [resource]`** — `ValidArgsFunction` completes resource names from the embedded schema via `schema.ListResources()`
- **`--status` flag** (campaigns list) — completes `ENABLED`, `PAUSED`, `REMOVED`
- **`--date-range` flag** (campaigns stats, ad-groups stats) — completes all Google Ads date range presets
- **`--match-type` flag** (keywords add) — completes `BROAD`, `PHRASE`, `EXACT`

Iteration 3 complete. Sleeping 5s before next...
━━━━━━━━━━━━━━━━━━━━━━━━━━━━━━━━━━━━━━━━
Ralph iteration 4/10 — Wed Mar 18 06:07:09 PM UTC 2026
━━━━━━━━━━━━━━━━━━━━━━━━━━━━━━━━━━━━━━━━
Done. Implemented Phase 5.1 — Saved Queries:

- **`gads query save <name> [GAQL]`** — saves inline GAQL or from `-f <file>` to `~/.gads/queries/<name>.gaql` (0600 perms)
- **`gads query run <name>`** — loads and executes a saved query, with validation and full output formatter support
- **`gads query saved`** — lists all saved queries with a 60-char preview of each

Iteration 4 complete. Sleeping 5s before next...
━━━━━━━━━━━━━━━━━━━━━━━━━━━━━━━━━━━━━━━━
Ralph iteration 5/10 — Wed Mar 18 06:08:40 PM UTC 2026
━━━━━━━━━━━━━━━━━━━━━━━━━━━━━━━━━━━━━━━━
Phase 5.2 Multi-Profile is complete and pushed.

**What was implemented:**

- `config.ApplyProfile(cmd)` in `internal/config/config.go` — reads `profiles.<name>.*` from config.yaml when `--profile <name>` is set, applying profile values with correct precedence: explicit flags and `GADS_*` env vars beat the profile, which beats the base config
- `cmd/root.go` `PersistentPreRunE` now calls `ApplyProfile` after `Init()`
- 5 new tests covering all profile scenarios (no-op, override, flag wins, env wins, profile not found)

Usage example:
```yaml
# ~/.gads/config.yaml
default_customer_id: "123-456-7890"
profiles:
  client-a:
    customer_id: "111-222-3333"
```
```bash
gads --profile client-a campaigns list  # uses customer 111-222-3333
```

Iteration 5 complete. Sleeping 5s before next...
━━━━━━━━━━━━━━━━━━━━━━━━━━━━━━━━━━━━━━━━
Ralph iteration 6/10 — Wed Mar 18 06:11:56 PM UTC 2026
━━━━━━━━━━━━━━━━━━━━━━━━━━━━━━━━━━━━━━━━
Done. Here's what was implemented:

**Task: Man page generation (Cobra built-in) — Phase 5.3**

- Added `cmd/gen_man.go` with a hidden `gads gen-man <dir>` command
- Uses `github.com/spf13/cobra/doc.GenManTree()` to generate one `.1` man page per command/subcommand
- Creates the output directory if it doesn't exist
- Added `cpuguy83/go-md2man/v2` and `russross/blackfriday/v2` as transitive deps via `cobra/doc`

Also marked the first three Phase 5.3 items as complete in PRD.md — they were already implemented in Phase 1.5 (terminal width, color coding) and throughout (verbose debug output).

Iteration 6 complete. Sleeping 5s before next...
━━━━━━━━━━━━━━━━━━━━━━━━━━━━━━━━━━━━━━━━
Ralph iteration 7/10 — Wed Mar 18 06:14:18 PM UTC 2026
━━━━━━━━━━━━━━━━━━━━━━━━━━━━━━━━━━━━━━━━
Done. Added `Example` fields to all commands that were missing them — `auth` (parent + all 4 subcommands), `campaigns/ad-groups/ads/keywords/budgets/account` parent commands, `config` parent, `query saved`, `update`, `version`, and `completion`. All commands in the CLI now have examples in their `--help` output. PRD.md checked off, progress.txt updated, pushed to `main`.

<promise>COMPLETE</promise>

✅ PRD complete after 7 iterations.
